\BOOKMARK [1][-]{section.1}{\376\377\137\025\212\000}{}% 1
\BOOKMARK [1][-]{section.2}{\376\377\164\006\213\272\127\372\170\100\116\016\127\120\150\007\174\373}{}% 2
\BOOKMARK [2][-]{subsection.2.1}{\376\377\116\044\116\052\121\163\225\056\127\120\150\007\174\373}{section.2}% 3
\BOOKMARK [2][-]{subsection.2.2}{\376\377\154\342\127\072\122\277\121\375\145\160\133\232\116\111}{section.2}% 4
\BOOKMARK [1][-]{section.3}{\376\377\217\271\165\114\147\141\116\366\145\271\172\013}{}% 5
\BOOKMARK [2][-]{subsection.3.1}{\376\377\201\352\165\061\210\150\227\142\217\271\165\114\147\141\116\366\000\040\000\050\000z\000=\0000\000\051}{section.3}% 6
\BOOKMARK [2][-]{subsection.3.2}{\376\377\155\036\133\244\210\150\227\142\217\271\165\114\147\141\116\366\000\040\000\050\000r\000=\000R\000\051}{section.3}% 7
\BOOKMARK [1][-]{section.4}{\376\377\213\241\173\227\145\271\154\325\116\016\155\101\172\013}{}% 8
\BOOKMARK [2][-]{subsection.4.1}{\376\377\123\302\145\160\122\035\131\313\123\026}{section.4}% 9
\BOOKMARK [2][-]{subsection.4.2}{\376\377\167\351\226\065\147\204\136\372}{section.4}% 10
\BOOKMARK [2][-]{subsection.4.3}{\376\377\154\102\211\343\176\277\140\047\174\373\176\337}{section.4}% 11
\BOOKMARK [1][-]{section.5}{\376\377\142\052\145\255\176\247\145\160\211\343\116\016\171\273\145\143\154\342\145\160\154\325}{}% 12
\BOOKMARK [2][-]{subsection.5.1}{\376\377\142\052\145\255\176\247\145\160\116\016\167\351\226\065\211\304\152\041}{section.5}% 13
\BOOKMARK [2][-]{subsection.5.2}{\376\377\171\273\145\143\154\342\145\160\154\325\000\040\000\050\000D\000i\000s\000c\000r\000e\000t\000e\000\040\000W\000a\000v\000e\000n\000u\000m\000b\000e\000r\000\040\000M\000e\000t\000h\000o\000d\000\051}{section.5}% 14
\BOOKMARK [2][-]{subsection.5.3}{\376\377\123\314\133\124\226\231\116\313\215\050\217\271\165\114\147\141\116\366}{section.5}% 15
\BOOKMARK [1][-]{section.6}{\376\377\145\160\120\074\232\214\213\301\176\323\147\234}{}% 16
\BOOKMARK [1][-]{section.7}{\376\377\162\151\164\006\127\072\122\006\147\220\000\040\000\050\000P\000h\000a\000s\000e\000\040\0004\000\051}{}% 17
\BOOKMARK [2][-]{subsection.7.1}{\376\377\122\250\136\224\122\233\226\306\116\055\174\373\145\160\000\040\000\050\000D\000S\000C\000F\000\051}{section.7}% 18
\BOOKMARK [2][-]{subsection.7.2}{\376\377\127\060\210\150\117\115\171\373\124\315\136\224}{section.7}% 19
\BOOKMARK [1][-]{section.8}{\376\377\121\163\116\216\167\351\226\065\000\040\000M\000\040\166\204\117\356\153\143\116\016\213\250\213\272}{}% 20
\BOOKMARK [2][-]{subsection.8.1}{\376\377\122\035\131\313\152\041\127\213\116\055\166\204\225\031\213\357}{section.8}% 21
\BOOKMARK [2][-]{subsection.8.2}{\376\377\117\356\153\143\145\271\154\325\377\032\137\025\121\145\123\330\143\142\173\227\133\120}{section.8}% 22
\BOOKMARK [3][-]{subsubsection.8.2.1}{\376\377\117\356\153\143\000\040\000M\000C\000F\000\040\000\050\123\315\134\004\154\342\000\040\000\040\155\036\133\244\000\051}{subsection.8.2}% 23
\BOOKMARK [3][-]{subsubsection.8.2.2}{\376\377\117\356\153\143\000\040\000M\000F\000C\000\040\000\050\145\143\134\004\154\342\000\040\000\040\201\352\165\061\210\150\227\142\000\051}{subsection.8.2}% 24
